<?xml version="1.0" encoding="UTF-8"?>
<!-- Generated by org.testng.reporters.JUnitXMLReporter -->
<testsuite ignored="0" hostname="HIYALAPTOP" failures="0" tests="3" name="Default test" time="136.746" errors="0" timestamp="2025-01-26T10:28:09 IST">
  <testcase classname="automation.TestCases" name="Login" time="0.025"/>
  <testcase classname="automation.TestCases" name="AgentCreation" time="65.683"/>
  <testcase classname="automation.TestCases" name="CallListPowerImport" time="24.465"/>
</testsuite> <!-- Default test -->
