<?xml version="1.0" encoding="UTF-8"?>
<testng-results ignored="0" total="3" passed="3" failed="0" skipped="0">
  <reporter-output>
  </reporter-output>
  <suite started-at="2025-01-26T10:25:52 IST" name="Default suite" finished-at="2025-01-26T10:28:09 IST" duration-ms="136746">
    <groups>
    </groups>
    <test started-at="2025-01-26T10:25:52 IST" name="Default test" finished-at="2025-01-26T10:28:09 IST" duration-ms="136746">
      <class name="automation.TestCases">
        <test-method is-config="true" signature="setUp()[pri:0, instance:automation.TestCases@34a3d150]" started-at="2025-01-26T10:25:52 IST" name="setUp" finished-at="2025-01-26T10:26:38 IST" duration-ms="46070" status="PASS">
          <reporter-output>
          </reporter-output>
        </test-method> <!-- setUp -->
        <test-method signature="Login()[pri:1, instance:automation.TestCases@34a3d150]" started-at="2025-01-26T10:26:38 IST" name="Login" finished-at="2025-01-26T10:26:38 IST" duration-ms="25" status="PASS">
          <reporter-output>
          </reporter-output>
        </test-method> <!-- Login -->
        <test-method signature="AgentCreation()[pri:2, instance:automation.TestCases@34a3d150]" started-at="2025-01-26T10:26:38 IST" name="AgentCreation" finished-at="2025-01-26T10:27:44 IST" duration-ms="65683" status="PASS">
          <reporter-output>
          </reporter-output>
        </test-method> <!-- AgentCreation -->
        <test-method signature="CallListPowerImport()[pri:3, instance:automation.TestCases@34a3d150]" started-at="2025-01-26T10:27:44 IST" name="CallListPowerImport" finished-at="2025-01-26T10:28:08 IST" duration-ms="24465" status="PASS">
          <reporter-output>
          </reporter-output>
        </test-method> <!-- CallListPowerImport -->
        <test-method is-config="true" signature="tearDown()[pri:0, instance:automation.TestCases@34a3d150]" started-at="2025-01-26T10:28:08 IST" name="tearDown" finished-at="2025-01-26T10:28:09 IST" duration-ms="455" status="PASS">
          <reporter-output>
          </reporter-output>
        </test-method> <!-- tearDown -->
      </class> <!-- automation.TestCases -->
    </test> <!-- Default test -->
  </suite> <!-- Default suite -->
</testng-results>
